<?xml version="1.0" encoding="UTF-8"?>
<testng-results ignored="0" total="4" passed="4" failed="0" skipped="0">
  <reporter-output>
  </reporter-output>
  <suite started-at="2025-02-20T01:01:03 IST" name="Master Suite" finished-at="2025-02-20T01:01:54 IST" duration-ms="50769">
    <groups>
      <group name="Master">
        <method signature="TC001_AccountRegistrationTest.verifyAccountRegistration()[pri:0, instance:testCases.TC001_AccountRegistrationTest@22875539]" name="verifyAccountRegistration" class="testCases.TC001_AccountRegistrationTest"/>
        <method signature="TC002_LoginTest.verify_login()[pri:0, instance:testCases.TC002_LoginTest@2f40e5db]" name="verify_login" class="testCases.TC002_LoginTest"/>
        <method signature="TC001_AccountRegistrationTest.verifyAccountRegistration()[pri:0, instance:testCases.TC001_AccountRegistrationTest@222eb8aa]" name="verifyAccountRegistration" class="testCases.TC001_AccountRegistrationTest"/>
        <method signature="TC002_LoginTest.verify_login()[pri:0, instance:testCases.TC002_LoginTest@93cf163]" name="verify_login" class="testCases.TC002_LoginTest"/>
      </group> <!-- Master -->
      <group name="Sanity">
        <method signature="TC002_LoginTest.verify_login()[pri:0, instance:testCases.TC002_LoginTest@2f40e5db]" name="verify_login" class="testCases.TC002_LoginTest"/>
        <method signature="TC002_LoginTest.verify_login()[pri:0, instance:testCases.TC002_LoginTest@93cf163]" name="verify_login" class="testCases.TC002_LoginTest"/>
      </group> <!-- Sanity -->
      <group name="Regression">
        <method signature="TC001_AccountRegistrationTest.verifyAccountRegistration()[pri:0, instance:testCases.TC001_AccountRegistrationTest@22875539]" name="verifyAccountRegistration" class="testCases.TC001_AccountRegistrationTest"/>
        <method signature="TC001_AccountRegistrationTest.verifyAccountRegistration()[pri:0, instance:testCases.TC001_AccountRegistrationTest@222eb8aa]" name="verifyAccountRegistration" class="testCases.TC001_AccountRegistrationTest"/>
      </group> <!-- Regression -->
    </groups>
    <test started-at="2025-02-20T01:01:03 IST" name="Linux-Chrome" finished-at="2025-02-20T01:01:25 IST" duration-ms="21330">
      <class name="testCases.TC002_LoginTest">
        <test-method is-config="true" signature="setup(java.lang.String,java.lang.String)[pri:0, instance:testCases.TC002_LoginTest@2f40e5db]" started-at="2025-02-20T01:01:15 IST" name="setup" finished-at="2025-02-20T01:01:20 IST" duration-ms="4186" status="PASS">
          <params>
            <param index="0">
              <value>
                <![CDATA[Linux]]>
              </value>
            </param>
            <param index="1">
              <value>
                <![CDATA[Chrome]]>
              </value>
            </param>
          </params>
          <reporter-output>
          </reporter-output>
        </test-method> <!-- setup -->
        <test-method signature="verify_login()[pri:0, instance:testCases.TC002_LoginTest@2f40e5db]" started-at="2025-02-20T01:01:20 IST" name="verify_login" finished-at="2025-02-20T01:01:25 IST" duration-ms="4978" status="PASS">
          <reporter-output>
          </reporter-output>
        </test-method> <!-- verify_login -->
        <test-method is-config="true" signature="teardown()[pri:0, instance:testCases.TC002_LoginTest@2f40e5db]" started-at="2025-02-20T01:01:25 IST" name="teardown" finished-at="2025-02-20T01:01:25 IST" duration-ms="153" status="PASS">
          <reporter-output>
          </reporter-output>
        </test-method> <!-- teardown -->
      </class> <!-- testCases.TC002_LoginTest -->
      <class name="testCases.TC001_AccountRegistrationTest">
        <test-method is-config="true" signature="setup(java.lang.String,java.lang.String)[pri:0, instance:testCases.TC001_AccountRegistrationTest@22875539]" started-at="2025-02-20T01:01:04 IST" name="setup" finished-at="2025-02-20T01:01:11 IST" duration-ms="7611" status="PASS">
          <params>
            <param index="0">
              <value>
                <![CDATA[Linux]]>
              </value>
            </param>
            <param index="1">
              <value>
                <![CDATA[Chrome]]>
              </value>
            </param>
          </params>
          <reporter-output>
          </reporter-output>
        </test-method> <!-- setup -->
        <test-method signature="verifyAccountRegistration()[pri:0, instance:testCases.TC001_AccountRegistrationTest@22875539]" started-at="2025-02-20T01:01:11 IST" name="verifyAccountRegistration" finished-at="2025-02-20T01:01:15 IST" duration-ms="3882" status="PASS">
          <reporter-output>
          </reporter-output>
        </test-method> <!-- verifyAccountRegistration -->
        <test-method is-config="true" signature="teardown()[pri:0, instance:testCases.TC001_AccountRegistrationTest@22875539]" started-at="2025-02-20T01:01:15 IST" name="teardown" finished-at="2025-02-20T01:01:15 IST" duration-ms="197" status="PASS">
          <reporter-output>
          </reporter-output>
        </test-method> <!-- teardown -->
      </class> <!-- testCases.TC001_AccountRegistrationTest -->
    </test> <!-- Linux-Chrome -->
    <test started-at="2025-02-20T01:01:26 IST" name="Linux-Firefox" finished-at="2025-02-20T01:01:54 IST" duration-ms="27988">
      <class name="testCases.TC002_LoginTest">
        <test-method is-config="true" signature="setup(java.lang.String,java.lang.String)[pri:0, instance:testCases.TC002_LoginTest@93cf163]" started-at="2025-02-20T01:01:41 IST" name="setup" finished-at="2025-02-20T01:01:47 IST" duration-ms="5618" status="PASS">
          <params>
            <param index="0">
              <value>
                <![CDATA[Linux]]>
              </value>
            </param>
            <param index="1">
              <value>
                <![CDATA[Firefox]]>
              </value>
            </param>
          </params>
          <reporter-output>
          </reporter-output>
        </test-method> <!-- setup -->
        <test-method signature="verify_login()[pri:0, instance:testCases.TC002_LoginTest@93cf163]" started-at="2025-02-20T01:01:47 IST" name="verify_login" finished-at="2025-02-20T01:01:53 IST" duration-ms="6270" status="PASS">
          <reporter-output>
          </reporter-output>
        </test-method> <!-- verify_login -->
        <test-method is-config="true" signature="teardown()[pri:0, instance:testCases.TC002_LoginTest@93cf163]" started-at="2025-02-20T01:01:53 IST" name="teardown" finished-at="2025-02-20T01:01:54 IST" duration-ms="1067" status="PASS">
          <reporter-output>
          </reporter-output>
        </test-method> <!-- teardown -->
      </class> <!-- testCases.TC002_LoginTest -->
      <class name="testCases.TC001_AccountRegistrationTest">
        <test-method is-config="true" signature="setup(java.lang.String,java.lang.String)[pri:0, instance:testCases.TC001_AccountRegistrationTest@222eb8aa]" started-at="2025-02-20T01:01:26 IST" name="setup" finished-at="2025-02-20T01:01:36 IST" duration-ms="10221" status="PASS">
          <params>
            <param index="0">
              <value>
                <![CDATA[Linux]]>
              </value>
            </param>
            <param index="1">
              <value>
                <![CDATA[Firefox]]>
              </value>
            </param>
          </params>
          <reporter-output>
          </reporter-output>
        </test-method> <!-- setup -->
        <test-method signature="verifyAccountRegistration()[pri:0, instance:testCases.TC001_AccountRegistrationTest@222eb8aa]" started-at="2025-02-20T01:01:36 IST" name="verifyAccountRegistration" finished-at="2025-02-20T01:01:40 IST" duration-ms="3393" status="PASS">
          <reporter-output>
          </reporter-output>
        </test-method> <!-- verifyAccountRegistration -->
        <test-method is-config="true" signature="teardown()[pri:0, instance:testCases.TC001_AccountRegistrationTest@222eb8aa]" started-at="2025-02-20T01:01:40 IST" name="teardown" finished-at="2025-02-20T01:01:41 IST" duration-ms="1411" status="PASS">
          <reporter-output>
          </reporter-output>
        </test-method> <!-- teardown -->
      </class> <!-- testCases.TC001_AccountRegistrationTest -->
    </test> <!-- Linux-Firefox -->
  </suite> <!-- Master Suite -->
</testng-results>
